#
# There is insufficient memory for the Java Runtime Environment to continue.
# Native memory allocation (mmap) failed to map 1048576 bytes. Error detail: G1 virtual space
# Possible reasons:
#   The system is out of physical RAM or swap space
#   This process is running with CompressedOops enabled, and the Java Heap may be blocking the growth of the native heap
# Possible solutions:
#   Reduce memory load on the system
#   Increase physical memory or swap space
#   Check if swap backing store is full
#   Decrease Java heap size (-Xmx/-Xms)
#   Decrease number of Java threads
#   Decrease Java thread stack sizes (-Xss)
#   Set larger code cache with -XX:ReservedCodeCacheSize=
#   JVM is running with Unscaled Compressed Oops mode in which the Java heap is
#     placed in the first 4GB address space. The Java Heap base address is the
#     maximum limit for the native heap growth. Please use -XX:HeapBaseMinAddress
#     to set the Java Heap base and to place the Java Heap above 4GB virtual address.
# This output file may be truncated or incomplete.
#
#  Out of Memory Error (os_windows.cpp:3925), pid=6308, tid=15904
#
# JRE version: OpenJDK Runtime Environment (21.0.9) (build 21.0.9+-14649483-b1163.86)
# Java VM: OpenJDK 64-Bit Server VM (21.0.9+-14649483-b1163.86, mixed mode, tiered, compressed oops, compressed class ptrs, g1 gc, windows-amd64)
# No core dump will be written. Minidumps are not enabled by default on client versions of Windows
#

---------------  S U M M A R Y ------------

Command Line: --add-opens=java.base/java.lang=ALL-UNNAMED --add-opens=java.base/java.lang.invoke=ALL-UNNAMED --add-opens=java.base/java.util=ALL-UNNAMED --add-opens=java.prefs/java.util.prefs=ALL-UNNAMED --add-exports=jdk.compiler/com.sun.tools.javac.api=ALL-UNNAMED --add-exports=jdk.compiler/com.sun.tools.javac.util=ALL-UNNAMED --add-opens=java.base/java.util=ALL-UNNAMED --add-opens=java.prefs/java.util.prefs=ALL-UNNAMED --add-opens=java.base/java.nio.charset=ALL-UNNAMED --add-opens=java.base/java.net=ALL-UNNAMED --add-opens=java.base/java.util.concurrent=ALL-UNNAMED --add-opens=java.base/java.util.concurrent.atomic=ALL-UNNAMED --add-opens=java.xml/javax.xml.namespace=ALL-UNNAMED --add-opens=java.base/java.time=ALL-UNNAMED -Xmx2048m -Dfile.encoding=UTF-8 -Duser.country=ID -Duser.language=en -Duser.variant -javaagent:C:\Users\feisa\.gradle\wrapper\dists\gradle-9.2.1-bin\2t0n5ozlw9xmuyvbp7dnzaxug\gradle-9.2.1\lib\agents\gradle-instrumentation-agent-9.2.1.jar org.gradle.launcher.daemon.bootstrap.GradleDaemon 9.2.1

Host: AMD Ryzen 5 3500U with Radeon Vega Mobile Gfx  , 8 cores, 5G,  Windows 11 , 64 bit Build 26100 (10.0.26100.8521)
Time: Thu Jun 25 17:47:33 2026 SE Asia Standard Time elapsed time: 14.166859 seconds (0d 0h 0m 14s)

---------------  T H R E A D  ---------------

Current thread (0x0000015792eacb20):  WorkerThread "GC Thread#0"    [id=15904, stack(0x000000322e100000,0x000000322e200000) (1024K)]

Stack: [0x000000322e100000,0x000000322e200000]
Native frames: (J=compiled Java code, j=interpreted, Vv=VM code, C=native code)
V  [jvm.dll+0x6d6c99]
V  [jvm.dll+0x866b83]
V  [jvm.dll+0x86919e]
V  [jvm.dll+0x869883]
V  [jvm.dll+0x280776]
V  [jvm.dll+0x6d3555]
V  [jvm.dll+0x6c6bea]
V  [jvm.dll+0x3587fb]
V  [jvm.dll+0x360476]
V  [jvm.dll+0x3b234b]
V  [jvm.dll+0x3b2a04]
V  [jvm.dll+0x3b2acd]
V  [jvm.dll+0x32c65c]
V  [jvm.dll+0x32c3b8]
V  [jvm.dll+0x31af76]
V  [jvm.dll+0x31be0a]
V  [jvm.dll+0x31c2b2]
V  [jvm.dll+0x31bc6d]
V  [jvm.dll+0x35a68a]
V  [jvm.dll+0x35aa06]
V  [jvm.dll+0x35bb4a]
V  [jvm.dll+0x35820e]
V  [jvm.dll+0x368cf8]
V  [jvm.dll+0x222d5d]
V  [jvm.dll+0x35818b]
V  [jvm.dll+0x225068]
V  [jvm.dll+0x369a1e]
V  [jvm.dll+0x369864]
V  [jvm.dll+0x371354]
V  [jvm.dll+0x3714cb]
V  [jvm.dll+0x894ad4]
V  [jvm.dll+0x80f118]
V  [jvm.dll+0x6d54ed]
C  [ucrtbase.dll+0x2cd30]
C  [KERNEL32.DLL+0x2e957]
C  [ntdll.dll+0x87c1c]


---------------  P R O C E S S  ---------------

Threads class SMR info:
_java_thread_list=0x00000157b2e794e0, length=59, elements={
0x0000015792e53ba0, 0x00000157aa6dbaa0, 0x00000157aa6e50b0, 0x00000157aa6e6290,
0x00000157aa724f10, 0x00000157aa725580, 0x00000157aa72f300, 0x00000157aa70e040,
0x00000157aa756660, 0x00000157aa759110, 0x00000157aa70bf70, 0x00000157aa70d320,
0x00000157aa70ed60, 0x00000157aa70f3f0, 0x00000157aa70c600, 0x00000157aa70cc90,
0x00000157aa70e6d0, 0x00000157af2c4a60, 0x00000157af2c71c0, 0x00000157af2c6b30,
0x00000157af2c5e10, 0x00000157af2c7850, 0x00000157af2c8570, 0x00000157af2c5780,
0x00000157af2c9920, 0x00000157af2c7ee0, 0x00000157af2c64a0, 0x00000157af2c9fb0,
0x00000157af2ca640, 0x00000157af2cacd0, 0x00000157af2cb360, 0x00000157af2cc080,
0x00000157af2cb9f0, 0x00000157b14f50c0, 0x00000157b14f6470, 0x00000157b14f5750,
0x00000157b14f4a30, 0x00000157b14f5de0, 0x00000157b14f3680, 0x00000157b14f6b00,
0x00000157b14f7190, 0x00000157b14f3d10, 0x00000157b14f7820, 0x00000157b14f43a0,
0x00000157b14f7eb0, 0x00000157b14f9f80, 0x00000157b14f8540, 0x00000157b14f8bd0,
0x00000157b14f9260, 0x00000157b14f98f0, 0x00000157b14fa610, 0x00000157b2055b40,
0x00000157b2054100, 0x00000157b2057580, 0x00000157b2057c10, 0x00000157b2054e20,
0x00000157b2054790, 0x00000157b2056860, 0x00000157b2058930
}

Java Threads: ( => current thread )
  0x0000015792e53ba0 JavaThread "main"                              [_thread_blocked, id=18360, stack(0x000000322e000000,0x000000322e100000) (1024K)]
  0x00000157aa6dbaa0 JavaThread "Common-Cleaner"             daemon [_thread_blocked, id=15356, stack(0x000000322e800000,0x000000322e900000) (1024K)]
  0x00000157aa6e50b0 JavaThread "Reference Handler"          daemon [_thread_blocked, id=9960, stack(0x000000322e900000,0x000000322ea00000) (1024K)]
  0x00000157aa6e6290 JavaThread "Finalizer"                  daemon [_thread_blocked, id=10400, stack(0x000000322ea00000,0x000000322eb00000) (1024K)]
  0x00000157aa724f10 JavaThread "Signal Dispatcher"          daemon [_thread_blocked, id=12916, stack(0x000000322eb00000,0x000000322ec00000) (1024K)]
  0x00000157aa725580 JavaThread "Attach Listener"            daemon [_thread_blocked, id=17284, stack(0x000000322ec00000,0x000000322ed00000) (1024K)]
  0x00000157aa72f300 JavaThread "Service Thread"             daemon [_thread_blocked, id=6760, stack(0x000000322ed00000,0x000000322ee00000) (1024K)]
  0x00000157aa70e040 JavaThread "Monitor Deflation Thread"   daemon [_thread_blocked, id=15900, stack(0x000000322ee00000,0x000000322ef00000) (1024K)]
  0x00000157aa756660 JavaThread "C2 CompilerThread0"         daemon [_thread_blocked, id=2424, stack(0x000000322ef00000,0x000000322f000000) (1024K)]
  0x00000157aa759110 JavaThread "C1 CompilerThread0"         daemon [_thread_blocked, id=16204, stack(0x000000322f000000,0x000000322f100000) (1024K)]
  0x00000157aa70bf70 JavaThread "Notification Thread"        daemon [_thread_blocked, id=896, stack(0x000000322f100000,0x000000322f200000) (1024K)]
  0x00000157aa70d320 JavaThread "Daemon health stats"               [_thread_blocked, id=19152, stack(0x000000322f700000,0x000000322f800000) (1024K)]
  0x00000157aa70ed60 JavaThread "Incoming local TCP Connector on port 61103"        [_thread_in_native, id=1088, stack(0x000000322f900000,0x000000322fa00000) (1024K)]
  0x00000157aa70f3f0 JavaThread "Daemon periodic checks"            [_thread_blocked, id=10944, stack(0x000000322fa00000,0x000000322fb00000) (1024K)]
  0x00000157aa70c600 JavaThread "Daemon"                            [_thread_blocked, id=8744, stack(0x000000322fb00000,0x000000322fc00000) (1024K)]
  0x00000157aa70cc90 JavaThread "Handler for socket connection from /127.0.0.1:61103 to /127.0.0.1:61104"        [_thread_in_native, id=12980, stack(0x000000322fc00000,0x000000322fd00000) (1024K)]
  0x00000157aa70e6d0 JavaThread "Cancel handler"                    [_thread_blocked, id=12568, stack(0x000000322fd00000,0x000000322fe00000) (1024K)]
  0x00000157af2c4a60 JavaThread "Daemon worker"                     [_thread_blocked, id=2692, stack(0x0000003230200000,0x0000003230300000) (1024K)]
  0x00000157af2c71c0 JavaThread "Asynchronous log dispatcher for DefaultDaemonConnection: socket connection from /127.0.0.1:61103 to /127.0.0.1:61104"        [_thread_blocked, id=2672, stack(0x0000003230300000,0x0000003230400000) (1024K)]
  0x00000157af2c6b30 JavaThread "Stdin handler"                     [_thread_blocked, id=14668, stack(0x0000003230400000,0x0000003230500000) (1024K)]
  0x00000157af2c5e10 JavaThread "Daemon client event forwarder"        [_thread_blocked, id=7816, stack(0x0000003230500000,0x0000003230600000) (1024K)]
  0x00000157af2c7850 JavaThread "Cache worker for journal cache (C:\Users\feisa\.gradle\caches\journal-1)"        [_thread_blocked, id=15784, stack(0x000000322f800000,0x000000322f900000) (1024K)]
  0x00000157af2c8570 JavaThread "File lock request listener"        [_thread_in_native, id=19032, stack(0x0000003230600000,0x0000003230700000) (1024K)]
  0x00000157af2c5780 JavaThread "Cache worker for file hash cache (C:\Users\feisa\.gradle\caches\9.2.1\fileHashes)"        [_thread_blocked, id=8668, stack(0x0000003230700000,0x0000003230800000) (1024K)]
  0x00000157af2c9920 JavaThread "Cache worker for file hash cache (C:\Users\feisa\AndroidStudioProjects\UAS-Mobile-Programming-Kelompok3\.gradle\9.2.1\fileHashes)"        [_thread_blocked, id=9688, stack(0x0000003230800000,0x0000003230900000) (1024K)]
  0x00000157af2c7ee0 JavaThread "Cache worker for Build Output Cleanup Cache (C:\Users\feisa\AndroidStudioProjects\UAS-Mobile-Programming-Kelompok3\.gradle\buildOutputCleanup)"        [_thread_blocked, id=18464, stack(0x0000003230900000,0x0000003230a00000) (1024K)]
  0x00000157af2c64a0 JavaThread "File watcher server"        daemon [_thread_in_native, id=19212, stack(0x0000003230a00000,0x0000003230b00000) (1024K)]
  0x00000157af2c9fb0 JavaThread "File watcher consumer"      daemon [_thread_blocked, id=12964, stack(0x0000003230b00000,0x0000003230c00000) (1024K)]
  0x00000157af2ca640 JavaThread "Cache worker for checksums cache (C:\Users\feisa\AndroidStudioProjects\UAS-Mobile-Programming-Kelompok3\.gradle\9.2.1\checksums)"        [_thread_blocked, id=5144, stack(0x0000003230c00000,0x0000003230d00000) (1024K)]
  0x00000157af2cacd0 JavaThread "Cache worker for file content cache (C:\Users\feisa\.gradle\caches\9.2.1\fileContent)"        [_thread_blocked, id=13988, stack(0x000000322f200000,0x000000322f300000) (1024K)]
  0x00000157af2cb360 JavaThread "Cache worker for cache directory md-supplier (C:\Users\feisa\.gradle\caches\9.2.1\md-supplier)"        [_thread_blocked, id=11984, stack(0x0000003230d00000,0x0000003230e00000) (1024K)]
  0x00000157af2cc080 JavaThread "Cache worker for cache directory md-rule (C:\Users\feisa\.gradle\caches\9.2.1\md-rule)"        [_thread_blocked, id=7548, stack(0x0000003230e00000,0x0000003230f00000) (1024K)]
  0x00000157af2cb9f0 JavaThread "jar transforms"                    [_thread_blocked, id=6756, stack(0x0000003231000000,0x0000003231100000) (1024K)]
  0x00000157b14f50c0 JavaThread "jar transforms Thread 2"           [_thread_blocked, id=18956, stack(0x0000003231100000,0x0000003231200000) (1024K)]
  0x00000157b14f6470 JavaThread "jar transforms Thread 3"           [_thread_blocked, id=6296, stack(0x0000003231300000,0x0000003231400000) (1024K)]
  0x00000157b14f5750 JavaThread "Unconstrained build operations"        [_thread_blocked, id=1648, stack(0x0000003231400000,0x0000003231500000) (1024K)]
  0x00000157b14f4a30 JavaThread "Unconstrained build operations Thread 2"        [_thread_blocked, id=7792, stack(0x0000003231500000,0x0000003231600000) (1024K)]
  0x00000157b14f5de0 JavaThread "Unconstrained build operations Thread 3"        [_thread_blocked, id=16592, stack(0x0000003231600000,0x0000003231700000) (1024K)]
  0x00000157b14f3680 JavaThread "Unconstrained build operations Thread 4"        [_thread_blocked, id=16304, stack(0x0000003231700000,0x0000003231800000) (1024K)]
  0x00000157b14f6b00 JavaThread "Unconstrained build operations Thread 5"        [_thread_blocked, id=8696, stack(0x0000003231800000,0x0000003231900000) (1024K)]
  0x00000157b14f7190 JavaThread "Unconstrained build operations Thread 6"        [_thread_blocked, id=17908, stack(0x0000003231900000,0x0000003231a00000) (1024K)]
  0x00000157b14f3d10 JavaThread "Unconstrained build operations Thread 7"        [_thread_blocked, id=19404, stack(0x0000003231a00000,0x0000003231b00000) (1024K)]
  0x00000157b14f7820 JavaThread "Unconstrained build operations Thread 8"        [_thread_blocked, id=9864, stack(0x0000003231b00000,0x0000003231c00000) (1024K)]
  0x00000157b14f43a0 JavaThread "Unconstrained build operations Thread 9"        [_thread_blocked, id=5088, stack(0x0000003231c00000,0x0000003231d00000) (1024K)]
  0x00000157b14f7eb0 JavaThread "Unconstrained build operations Thread 10"        [_thread_blocked, id=7880, stack(0x0000003231d00000,0x0000003231e00000) (1024K)]
  0x00000157b14f9f80 JavaThread "Unconstrained build operations Thread 11"        [_thread_blocked, id=14032, stack(0x0000003231e00000,0x0000003231f00000) (1024K)]
  0x00000157b14f8540 JavaThread "Unconstrained build operations Thread 12"        [_thread_blocked, id=4224, stack(0x0000003231f00000,0x0000003232000000) (1024K)]
  0x00000157b14f8bd0 JavaThread "Unconstrained build operations Thread 13"        [_thread_blocked, id=6816, stack(0x0000003232000000,0x0000003232100000) (1024K)]
  0x00000157b14f9260 JavaThread "Unconstrained build operations Thread 14"        [_thread_blocked, id=5812, stack(0x0000003232100000,0x0000003232200000) (1024K)]
  0x00000157b14f98f0 JavaThread "jar transforms Thread 4"           [_thread_blocked, id=19336, stack(0x0000003232200000,0x0000003232300000) (1024K)]
  0x00000157b14fa610 JavaThread "jar transforms Thread 5"           [_thread_blocked, id=18912, stack(0x0000003231200000,0x0000003231300000) (1024K)]
  0x00000157b2055b40 JavaThread "Unconstrained build operations Thread 15"        [_thread_blocked, id=16164, stack(0x0000003232300000,0x0000003232400000) (1024K)]
  0x00000157b2054100 JavaThread "Unconstrained build operations Thread 16"        [_thread_blocked, id=13108, stack(0x0000003232400000,0x0000003232500000) (1024K)]
  0x00000157b2057580 JavaThread "Unconstrained build operations Thread 17"        [_thread_blocked, id=18100, stack(0x0000003232500000,0x0000003232600000) (1024K)]
  0x00000157b2057c10 JavaThread "Unconstrained build operations Thread 18"        [_thread_blocked, id=19120, stack(0x0000003232600000,0x0000003232700000) (1024K)]
  0x00000157b2054e20 JavaThread "Unconstrained build operations Thread 19"        [_thread_blocked, id=5760, stack(0x0000003232700000,0x0000003232800000) (1024K)]
  0x00000157b2054790 JavaThread "Unconstrained build operations Thread 20"        [_thread_blocked, id=13860, stack(0x0000003232800000,0x0000003232900000) (1024K)]
  0x00000157b2056860 JavaThread "Unconstrained build operations Thread 21"        [_thread_blocked, id=15884, stack(0x0000003232900000,0x0000003232a00000) (1024K)]
  0x00000157b2058930 JavaThread "jar transforms Thread 6"           [_thread_blocked, id=12844, stack(0x0000003232a00000,0x0000003232b00000) (1024K)]
Total: 59

Other Threads:
  0x00000157aa569190 VMThread "VM Thread"                           [id=18792, stack(0x000000322e700000,0x000000322e800000) (1024K)]
  0x00000157aa4d40b0 WatcherThread "VM Periodic Task Thread"        [id=8624, stack(0x000000322e600000,0x000000322e700000) (1024K)]
=>0x0000015792eacb20 WorkerThread "GC Thread#0"                     [id=15904, stack(0x000000322e100000,0x000000322e200000) (1024K)]
  0x00000157af46e600 WorkerThread "GC Thread#1"                     [id=6252, stack(0x000000322f300000,0x000000322f400000) (1024K)]
  0x00000157af323910 WorkerThread "GC Thread#2"                     [id=18748, stack(0x000000322f400000,0x000000322f500000) (1024K)]
  0x00000157afd28720 WorkerThread "GC Thread#3"                     [id=15964, stack(0x000000322f500000,0x000000322f600000) (1024K)]
  0x00000157afd26dc0 WorkerThread "GC Thread#4"                     [id=18580, stack(0x000000322f600000,0x000000322f700000) (1024K)]
  0x00000157afd27160 WorkerThread "GC Thread#5"                     [id=11948, stack(0x000000322fe00000,0x000000322ff00000) (1024K)]
  0x00000157afd28380 WorkerThread "GC Thread#6"                     [id=5444, stack(0x000000322ff00000,0x0000003230000000) (1024K)]
  0x00000157afd27500 WorkerThread "GC Thread#7"                     [id=4028, stack(0x0000003230000000,0x0000003230100000) (1024K)]
  0x0000015792ebe850 ConcurrentGCThread "G1 Main Marker"            [id=15668, stack(0x000000322e200000,0x000000322e300000) (1024K)]
  0x0000015792ebfa00 WorkerThread "G1 Conc#0"                       [id=15612, stack(0x000000322e300000,0x000000322e400000) (1024K)]
  0x00000157b014c6a0 WorkerThread "G1 Conc#1"                       [id=16276, stack(0x0000003230100000,0x0000003230200000) (1024K)]
  0x00000157aa3a8510 ConcurrentGCThread "G1 Refine#0"               [id=16768, stack(0x000000322e400000,0x000000322e500000) (1024K)]
  0x0000015792f0d0b0 ConcurrentGCThread "G1 Service"                [id=13220, stack(0x000000322e500000,0x000000322e600000) (1024K)]
Total: 15

Threads with active compile tasks:
Total: 0

VM state: at safepoint (normal execution)

VM Mutex/Monitor currently owned by a thread:  ([mutex/lock_event])
[0x00007ff83b6e5f90] FreeList_lock - owner thread: 0x0000015792eacb20
[0x00007ff83b6e8690] Threads_lock - owner thread: 0x00000157aa569190
[0x00007ff83b6e8790] Heap_lock - owner thread: 0x00000157af2c4a60

Heap address: 0x0000000080000000, size: 2048 MB, Compressed Oops mode: 32-bit

CDS archive(s) not mapped
Compressed class space mapped at: 0x0000000100000000-0x0000000140000000, reserved size: 1073741824
Narrow klass base: 0x0000000000000000, Narrow klass shift: 3, Narrow klass range: 0x140000000

GC Precious Log:
 CardTable entry size: 512
 Card Set container configuration: InlinePtr #cards 5 size 8 Array Of Cards #cards 12 size 40 Howl #buckets 4 coarsen threshold 1843 Howl Bitmap #cards 512 size 80 coarsen threshold 460 Card regions per heap region 1 cards per card region 2048
 CPUs: 8 total, 8 available
 Memory: 6081M
 Large Page Support: Disabled
 NUMA Support: Disabled
 Compressed Oops: Enabled (32-bit)
 Heap Region Size: 1M
 Heap Min Capacity: 8M
 Heap Initial Capacity: 96M
 Heap Max Capacity: 2G
 Pre-touch: Disabled
 Parallel Workers: 8
 Concurrent Workers: 2
 Concurrent Refinement Workers: 8
 Periodic GC: Disabled

Heap:
 garbage-first heap   total 87040K, used 78545K [0x0000000080000000, 0x0000000100000000)
  region size 1024K, 43 young (44032K), 3 survivors (3072K)
 Metaspace       used 55667K, committed 57280K, reserved 1114112K
  class space    used 7852K, committed 8640K, reserved 1048576K

Heap Regions: E=young(eden), S=young(survivor), O=old, HS=humongous(starts), HC=humongous(continues), CS=collection set, F=free, TAMS=top-at-mark-start, PB=parsable bottom
|   0|0x0000000080000000, 0x0000000080100000, 0x0000000080100000|100%|HS|  |TAMS 0x0000000080000000| PB 0x0000000080000000| Complete 
|   1|0x0000000080100000, 0x0000000080200000, 0x0000000080200000|100%|HC|  |TAMS 0x0000000080100000| PB 0x0000000080100000| Complete 
|   2|0x0000000080200000, 0x0000000080300000, 0x0000000080300000|100%|HC|  |TAMS 0x0000000080200000| PB 0x0000000080200000| Complete 
|   3|0x0000000080300000, 0x0000000080400000, 0x0000000080400000|100%|HC|  |TAMS 0x0000000080300000| PB 0x0000000080300000| Complete 
|   4|0x0000000080400000, 0x0000000080500000, 0x0000000080500000|100%| O|  |TAMS 0x0000000080400000| PB 0x0000000080400000| Untracked 
|   5|0x0000000080500000, 0x0000000080600000, 0x0000000080600000|100%| O|  |TAMS 0x0000000080500000| PB 0x0000000080500000| Untracked 
|   6|0x0000000080600000, 0x0000000080700000, 0x0000000080700000|100%| O|  |TAMS 0x0000000080600000| PB 0x0000000080600000| Untracked 
|   7|0x0000000080700000, 0x0000000080800000, 0x0000000080800000|100%| O|  |TAMS 0x0000000080700000| PB 0x0000000080700000| Untracked 
|   8|0x0000000080800000, 0x0000000080900000, 0x0000000080900000|100%| O|  |TAMS 0x0000000080800000| PB 0x0000000080800000| Untracked 
|   9|0x0000000080900000, 0x0000000080a00000, 0x0000000080a00000|100%| O|  |TAMS 0x0000000080900000| PB 0x0000000080900000| Untracked 
|  10|0x0000000080a00000, 0x0000000080b00000, 0x0000000080b00000|100%| O|  |TAMS 0x0000000080a00000| PB 0x0000000080a00000| Untracked 
|  11|0x0000000080b00000, 0x0000000080c00000, 0x0000000080c00000|100%| O|  |TAMS 0x0000000080b00000| PB 0x0000000080b00000| Untracked 
|  12|0x0000000080c00000, 0x0000000080d00000, 0x0000000080d00000|100%|HS|  |TAMS 0x0000000080c00000| PB 0x0000000080c00000| Complete 
|  13|0x0000000080d00000, 0x0000000080e00000, 0x0000000080e00000|100%| O|  |TAMS 0x0000000080d00000| PB 0x0000000080d00000| Untracked 
|  14|0x0000000080e00000, 0x0000000080f00000, 0x0000000080f00000|100%| O|  |TAMS 0x0000000080e00000| PB 0x0000000080e00000| Untracked 
|  15|0x0000000080f00000, 0x0000000081000000, 0x0000000081000000|100%| O|  |TAMS 0x0000000080f00000| PB 0x0000000080f00000| Untracked 
|  16|0x0000000081000000, 0x0000000081100000, 0x0000000081100000|100%| O|  |TAMS 0x0000000081000000| PB 0x0000000081000000| Untracked 
|  17|0x0000000081100000, 0x0000000081200000, 0x0000000081200000|100%| O|  |TAMS 0x0000000081100000| PB 0x0000000081100000| Untracked 
|  18|0x0000000081200000, 0x0000000081300000, 0x0000000081300000|100%| O|  |TAMS 0x0000000081200000| PB 0x0000000081200000| Untracked 
|  19|0x0000000081300000, 0x0000000081400000, 0x0000000081400000|100%| O|  |TAMS 0x0000000081300000| PB 0x0000000081300000| Untracked 
|  20|0x0000000081400000, 0x0000000081500000, 0x0000000081500000|100%| O|  |TAMS 0x0000000081400000| PB 0x0000000081400000| Untracked 
|  21|0x0000000081500000, 0x0000000081600000, 0x0000000081600000|100%| O|  |TAMS 0x0000000081500000| PB 0x0000000081500000| Untracked 
|  22|0x0000000081600000, 0x0000000081700000, 0x0000000081700000|100%| O|  |TAMS 0x0000000081600000| PB 0x0000000081600000| Untracked 
|  23|0x0000000081700000, 0x0000000081800000, 0x0000000081800000|100%| O|  |TAMS 0x0000000081700000| PB 0x0000000081700000| Untracked 
|  24|0x0000000081800000, 0x0000000081900000, 0x0000000081900000|100%| O|  |TAMS 0x0000000081800000| PB 0x0000000081800000| Untracked 
|  25|0x0000000081900000, 0x0000000081a00000, 0x0000000081a00000|100%| O|  |TAMS 0x0000000081900000| PB 0x0000000081900000| Untracked 
|  26|0x0000000081a00000, 0x0000000081b00000, 0x0000000081b00000|100%| O|  |TAMS 0x0000000081a00000| PB 0x0000000081a00000| Untracked 
|  27|0x0000000081b00000, 0x0000000081c00000, 0x0000000081c00000|100%| O|  |TAMS 0x0000000081b00000| PB 0x0000000081b00000| Untracked 
|  28|0x0000000081c00000, 0x0000000081d00000, 0x0000000081d00000|100%| E|CS|TAMS 0x0000000081c00000| PB 0x0000000081c00000| Complete 
|  29|0x0000000081d00000, 0x0000000081e00000, 0x0000000081e00000|100%| E|CS|TAMS 0x0000000081d00000| PB 0x0000000081d00000| Complete 
|  30|0x0000000081e00000, 0x0000000081f00000, 0x0000000081f00000|100%| E|CS|TAMS 0x0000000081e00000| PB 0x0000000081e00000| Complete 
|  31|0x0000000081f00000, 0x0000000082000000, 0x0000000082000000|100%| E|CS|TAMS 0x0000000081f00000| PB 0x0000000081f00000| Complete 
|  32|0x0000000082000000, 0x0000000082100000, 0x0000000082100000|100%| E|CS|TAMS 0x0000000082000000| PB 0x0000000082000000| Complete 
|  33|0x0000000082100000, 0x0000000082200000, 0x0000000082200000|100%|HS|  |TAMS 0x0000000082100000| PB 0x0000000082100000| Complete 
|  34|0x0000000082200000, 0x0000000082300000, 0x0000000082300000|100%|HC|  |TAMS 0x0000000082200000| PB 0x0000000082200000| Complete 
|  35|0x0000000082300000, 0x0000000082400000, 0x0000000082400000|100%| O|  |TAMS 0x0000000082300000| PB 0x0000000082300000| Untracked 
|  36|0x0000000082400000, 0x0000000082500000, 0x0000000082500000|100%| O|  |TAMS 0x0000000082400000| PB 0x0000000082400000| Untracked 
|  37|0x0000000082500000, 0x0000000082600000, 0x0000000082600000|100%| O|  |TAMS 0x0000000082500000| PB 0x0000000082500000| Untracked 
|  38|0x0000000082600000, 0x0000000082700000, 0x0000000082700000|100%| O|  |TAMS 0x0000000082600000| PB 0x0000000082600000| Untracked 
|  39|0x0000000082700000, 0x0000000082800000, 0x0000000082800000|100%| E|CS|TAMS 0x0000000082700000| PB 0x0000000082700000| Complete 
|  40|0x0000000082800000, 0x0000000082900000, 0x0000000082900000|100%| O|  |TAMS 0x0000000082800000| PB 0x0000000082800000| Untracked 
|  41|0x0000000082900000, 0x0000000082a00000, 0x0000000082a00000|100%| S|  |TAMS 0x0000000082900000| PB 0x0000000082900000| Complete 
|  42|0x0000000082a00000, 0x0000000082b00000, 0x0000000082b00000|100%| S|  |TAMS 0x0000000082a00000| PB 0x0000000082a00000| Complete 
|  43|0x0000000082b00000, 0x0000000082c00000, 0x0000000082c00000|100%| S|  |TAMS 0x0000000082b00000| PB 0x0000000082b00000| Complete 
|  44|0x0000000082c00000, 0x0000000082d00000, 0x0000000082d00000|100%| E|CS|TAMS 0x0000000082c00000| PB 0x0000000082c00000| Complete 
|  45|0x0000000082d00000, 0x0000000082e00000, 0x0000000082e00000|100%| E|CS|TAMS 0x0000000082d00000| PB 0x0000000082d00000| Complete 
|  46|0x0000000082e00000, 0x0000000082f00000, 0x0000000082f00000|100%| E|CS|TAMS 0x0000000082e00000| PB 0x0000000082e00000| Complete 
|  47|0x0000000082f00000, 0x0000000083000000, 0x0000000083000000|100%| E|CS|TAMS 0x0000000082f00000| PB 0x0000000082f00000| Complete 
|  48|0x0000000083000000, 0x0000000083100000, 0x0000000083100000|100%| E|CS|TAMS 0x0000000083000000| PB 0x0000000083000000| Complete 
|  49|0x0000000083100000, 0x0000000083200000, 0x0000000083200000|100%| E|CS|TAMS 0x0000000083100000| PB 0x0000000083100000| Complete 
|  50|0x0000000083200000, 0x0000000083300000, 0x0000000083300000|100%| E|CS|TAMS 0x0000000083200000| PB 0x0000000083200000| Complete 
|  51|0x0000000083300000, 0x0000000083400000, 0x0000000083400000|100%| E|CS|TAMS 0x0000000083300000| PB 0x0000000083300000| Complete 
|  52|0x0000000083400000, 0x0000000083500000, 0x0000000083500000|100%| E|CS|TAMS 0x0000000083400000| PB 0x0000000083400000| Complete 
|  53|0x0000000083500000, 0x0000000083600000, 0x0000000083600000|100%| E|CS|TAMS 0x0000000083500000| PB 0x0000000083500000| Complete 
|  54|0x0000000083600000, 0x0000000083700000, 0x0000000083700000|100%| E|CS|TAMS 0x0000000083600000| PB 0x0000000083600000| Complete 
|  55|0x0000000083700000, 0x0000000083800000, 0x0000000083800000|100%| E|CS|TAMS 0x0000000083700000| PB 0x0000000083700000| Complete 
|  56|0x0000000083800000, 0x0000000083900000, 0x0000000083900000|100%| E|CS|TAMS 0x0000000083800000| PB 0x0000000083800000| Complete 
|  57|0x0000000083900000, 0x0000000083a00000, 0x0000000083a00000|100%| E|CS|TAMS 0x0000000083900000| PB 0x0000000083900000| Complete 
|  58|0x0000000083a00000, 0x0000000083b00000, 0x0000000083b00000|100%| E|CS|TAMS 0x0000000083a00000| PB 0x0000000083a00000| Complete 
|  59|0x0000000083b00000, 0x0000000083c00000, 0x0000000083c00000|100%| E|CS|TAMS 0x0000000083b00000| PB 0x0000000083b00000| Complete 
|  60|0x0000000083c00000, 0x0000000083d00000, 0x0000000083d00000|100%| E|CS|TAMS 0x0000000083c00000| PB 0x0000000083c00000| Complete 
|  61|0x0000000083d00000, 0x0000000083e00000, 0x0000000083e00000|100%| E|CS|TAMS 0x0000000083d00000| PB 0x0000000083d00000| Complete 
|  62|0x0000000083e00000, 0x0000000083f00000, 0x0000000083f00000|100%| E|CS|TAMS 0x0000000083e00000| PB 0x0000000083e00000| Complete 
|  63|0x0000000083f00000, 0x0000000084000000, 0x0000000084000000|100%| E|CS|TAMS 0x0000000083f00000| PB 0x0000000083f00000| Complete 
|  64|0x0000000084000000, 0x0000000084100000, 0x0000000084100000|100%| E|CS|TAMS 0x0000000084000000| PB 0x0000000084000000| Complete 
|  65|0x0000000084100000, 0x0000000084200000, 0x0000000084200000|100%| E|CS|TAMS 0x0000000084100000| PB 0x0000000084100000| Complete 
|  66|0x0000000084200000, 0x0000000084300000, 0x0000000084300000|100%| E|CS|TAMS 0x0000000084200000| PB 0x0000000084200000| Complete 
|  67|0x0000000084300000, 0x0000000084400000, 0x0000000084400000|100%| E|CS|TAMS 0x0000000084300000| PB 0x0000000084300000| Complete 
|  68|0x0000000084400000, 0x0000000084500000, 0x0000000084500000|100%| E|CS|TAMS 0x0000000084400000| PB 0x0000000084400000| Complete 
|  69|0x0000000084500000, 0x0000000084600000, 0x0000000084600000|100%| E|CS|TAMS 0x0000000084500000| PB 0x0000000084500000| Complete 
|  70|0x0000000084600000, 0x0000000084700000, 0x0000000084700000|100%| E|CS|TAMS 0x0000000084600000| PB 0x0000000084600000| Complete 
|  71|0x0000000084700000, 0x0000000084800000, 0x0000000084800000|100%| E|CS|TAMS 0x0000000084700000| PB 0x0000000084700000| Complete 
|  72|0x0000000084800000, 0x0000000084900000, 0x0000000084900000|100%| E|CS|TAMS 0x0000000084800000| PB 0x0000000084800000| Complete 
|  73|0x0000000084900000, 0x0000000084a00000, 0x0000000084a00000|100%| E|CS|TAMS 0x0000000084900000| PB 0x0000000084900000| Complete 
|  74|0x0000000084a00000, 0x0000000084b00000, 0x0000000084b00000|100%| E|CS|TAMS 0x0000000084a00000| PB 0x0000000084a00000| Complete 
|  75|0x0000000084b00000, 0x0000000084c00000, 0x0000000084c00000|100%| E|CS|TAMS 0x0000000084b00000| PB 0x0000000084b00000| Complete 
|  76|0x0000000084c00000, 0x0000000084d00000, 0x0000000084d00000|100%| E|CS|TAMS 0x0000000084c00000| PB 0x0000000084c00000| Complete 
|  77|0x0000000084d00000, 0x0000000084e00000, 0x0000000084e00000|100%| E|CS|TAMS 0x0000000084d00000| PB 0x0000000084d00000| Complete 
|  78|0x0000000084e00000, 0x0000000084f00000, 0x0000000084f00000|100%| E|CS|TAMS 0x0000000084e00000| PB 0x0000000084e00000| Complete 
|  79|0x0000000084f00000, 0x0000000085000000, 0x0000000085000000|100%| E|CS|TAMS 0x0000000084f00000| PB 0x0000000084f00000| Complete 
|  80|0x0000000085000000, 0x0000000085100000, 0x0000000085100000|100%| E|CS|TAMS 0x0000000085000000| PB 0x0000000085000000| Complete 
|  81|0x0000000085100000, 0x0000000085200000, 0x0000000085200000|100%| E|CS|TAMS 0x0000000085100000| PB 0x0000000085100000| Complete 
|  82|0x0000000085200000, 0x0000000085300000, 0x0000000085300000|100%| E|CS|TAMS 0x0000000085200000| PB 0x0000000085200000| Complete 
|  83|0x0000000085300000, 0x0000000085400000, 0x0000000085400000|100%| E|CS|TAMS 0x0000000085300000| PB 0x0000000085300000| Complete 
|  95|0x0000000085f00000, 0x0000000086000000, 0x0000000086000000|100%| E|CS|TAMS 0x0000000085f00000| PB 0x0000000085f00000| Complete 

Card table byte_map: [0x00000157a56f0000,0x00000157a5af0000] _byte_map_base: 0x00000157a52f0000

Marking Bits: (CMBitMap*) 0x0000015792ead130
 Bits: [0x00000157a5af0000, 0x00000157a7af0000)

Polling page: 0x0000015790c80000

Metaspace:

Usage:
  Non-class:     46.69 MB used.
      Class:      7.67 MB used.
       Both:     54.36 MB used.

Virtual space:
  Non-class space:       64.00 MB reserved,      47.50 MB ( 74%) committed,  1 nodes.
      Class space:        1.00 GB reserved,       8.44 MB ( <1%) committed,  1 nodes.
             Both:        1.06 GB reserved,      55.94 MB (  5%) committed. 

Chunk freelists:
   Non-Class:  15.95 MB
       Class:  7.61 MB
        Both:  23.55 MB

MaxMetaspaceSize: unlimited
CompressedClassSpaceSize: 1.00 GB
Initial GC threshold: 21.00 MB
Current GC threshold: 58.75 MB
CDS: off
 - commit_granule_bytes: 65536.
 - commit_granule_words: 8192.
 - virtual_space_node_default_size: 8388608.
 - enlarge_chunks_in_place: 1.
 - use_allocation_guard: 0.


Internal statistics:

num_allocs_failed_limit: 6.
num_arena_births: 2936.
num_arena_deaths: 0.
num_vsnodes_births: 2.
num_vsnodes_deaths: 0.
num_space_committed: 895.
num_space_uncommitted: 0.
num_chunks_returned_to_freelist: 6.
num_chunks_taken_from_freelist: 5222.
num_chunk_merges: 6.
num_chunk_splits: 3349.
num_chunks_enlarged: 2000.
num_inconsistent_stats: 0.

CodeHeap 'non-profiled nmethods': size=120000Kb used=3335Kb max_used=3335Kb free=116664Kb
 bounds [0x000001579da80000, 0x000001579ddd0000, 0x00000157a4fb0000]
CodeHeap 'profiled nmethods': size=120000Kb used=9938Kb max_used=9938Kb free=110061Kb
 bounds [0x0000015795fb0000, 0x0000015796970000, 0x000001579d4e0000]
CodeHeap 'non-nmethods': size=5760Kb used=1842Kb max_used=1880Kb free=3917Kb
 bounds [0x000001579d4e0000, 0x000001579d750000, 0x000001579da80000]
CodeCache: size=245760Kb, used=15115Kb, max_used=15153Kb, free=230642Kb
 total_blobs=5962, nmethods=5229, adapters=637, full_count=0
Compilation: enabled, stopped_count=0, restarted_count=0

Compilation events (20 events):
Event: 14.133 Thread 0x00000157aa759110 5725       3       java.util.stream.ForEachOps$ForEachOp$OfRef::evaluateSequential (7 bytes)
Event: 14.134 Thread 0x00000157aa759110 nmethod 5725 0x000001579695f810 code [0x000001579695f9e0, 0x000001579695fdd8]
Event: 14.134 Thread 0x00000157aa759110 5726       3       java.util.stream.ForEachOps$ForEachOp::evaluateSequential (13 bytes)
Event: 14.135 Thread 0x00000157aa759110 nmethod 5726 0x000001579695ff10 code [0x00000157969600e0, 0x0000015796960470]
Event: 14.135 Thread 0x00000157aa759110 5727       3       org.gradle.internal.snapshot.RelativePathTracker::isRoot (10 bytes)
Event: 14.135 Thread 0x00000157aa759110 nmethod 5727 0x0000015796960590 code [0x0000015796960740, 0x0000015796960910]
Event: 14.136 Thread 0x00000157aa759110 5728       3       org.gradle.internal.serialize.kryo.KryoBackedEncoder::writeString (23 bytes)
Event: 14.137 Thread 0x00000157aa759110 nmethod 5728 0x0000015796960a10 code [0x0000015796960be0, 0x0000015796960e30]
Event: 14.147 Thread 0x00000157aa759110 5729       3       org.gradle.internal.reflect.JavaPropertyReflectionUtil::hasTypeVariable (267 bytes)
Event: 14.149 Thread 0x00000157aa759110 nmethod 5729 0x0000015796960f90 code [0x00000157969613a0, 0x0000015796963628]
Event: 14.149 Thread 0x00000157aa759110 5733       1       org.gradle.internal.instantiation.generator.AbstractClassGenerator$PropertyMetadata::access$1400 (5 bytes)
Event: 14.149 Thread 0x00000157aa759110 nmethod 5733 0x000001579ddc1510 code [0x000001579ddc16a0, 0x000001579ddc1750]
Event: 14.149 Thread 0x00000157aa759110 5731       3       com.google.common.collect.LinkedHashMultimap::access$200 (6 bytes)
Event: 14.149 Thread 0x00000157aa759110 nmethod 5731 0x0000015796963d10 code [0x0000015796963ee0, 0x00000157969641c0]
Event: 14.149 Thread 0x00000157aa759110 5732       1       com.google.common.collect.LinkedHashMultimap$ValueSet::setPredecessorInValueSet (6 bytes)
Event: 14.150 Thread 0x00000157aa759110 nmethod 5732 0x000001579ddc1810 code [0x000001579ddc19a0, 0x000001579ddc1ab0]
Event: 14.150 Thread 0x00000157aa759110 5730       1       com.google.common.collect.LinkedHashMultimap$ValueEntry::setPredecessorInValueSet (6 bytes)
Event: 14.150 Thread 0x00000157aa759110 nmethod 5730 0x000001579ddc1b10 code [0x000001579ddc1ca0, 0x000001579ddc1db0]
Event: 14.151 Thread 0x00000157aa759110 5734       3       org.codehaus.groovy.util.FastArray::remove (47 bytes)
Event: 14.151 Thread 0x00000157aa759110 nmethod 5734 0x0000015796964310 code [0x00000157969644e0, 0x0000015796964898]

GC Heap History (20 events):
Event: 2.881 GC heap after
{Heap after GC invocations=2 (full 0):
 garbage-first heap   total 98304K, used 11254K [0x0000000080000000, 0x0000000100000000)
  region size 1024K, 5 young (5120K), 5 survivors (5120K)
 Metaspace       used 11872K, committed 12032K, reserved 1114112K
  class space    used 1284K, committed 1344K, reserved 1048576K
}
Event: 3.496 GC heap before
{Heap before GC invocations=2 (full 0):
 garbage-first heap   total 98304K, used 64502K [0x0000000080000000, 0x0000000100000000)
  region size 1024K, 57 young (58368K), 5 survivors (5120K)
 Metaspace       used 12819K, committed 12992K, reserved 1114112K
  class space    used 1405K, committed 1472K, reserved 1048576K
}
Event: 3.505 GC heap after
{Heap after GC invocations=3 (full 0):
 garbage-first heap   total 98304K, used 12427K [0x0000000080000000, 0x0000000100000000)
  region size 1024K, 1 young (1024K), 1 survivors (1024K)
 Metaspace       used 12819K, committed 12992K, reserved 1114112K
  class space    used 1405K, committed 1472K, reserved 1048576K
}
Event: 4.553 GC heap before
{Heap before GC invocations=3 (full 0):
 garbage-first heap   total 98304K, used 71819K [0x0000000080000000, 0x0000000100000000)
  region size 1024K, 57 young (58368K), 1 survivors (1024K)
 Metaspace       used 12936K, committed 13120K, reserved 1114112K
  class space    used 1405K, committed 1472K, reserved 1048576K
}
Event: 4.560 GC heap after
{Heap after GC invocations=4 (full 0):
 garbage-first heap   total 98304K, used 17004K [0x0000000080000000, 0x0000000100000000)
  region size 1024K, 5 young (5120K), 5 survivors (5120K)
 Metaspace       used 12936K, committed 13120K, reserved 1114112K
  class space    used 1405K, committed 1472K, reserved 1048576K
}
Event: 5.885 GC heap before
{Heap before GC invocations=4 (full 0):
 garbage-first heap   total 98304K, used 53868K [0x0000000080000000, 0x0000000100000000)
  region size 1024K, 43 young (44032K), 5 survivors (5120K)
 Metaspace       used 21207K, committed 21504K, reserved 1114112K
  class space    used 2480K, committed 2624K, reserved 1048576K
}
Event: 5.891 GC heap after
{Heap after GC invocations=5 (full 0):
 garbage-first heap   total 98304K, used 21023K [0x0000000080000000, 0x0000000100000000)
  region size 1024K, 8 young (8192K), 8 survivors (8192K)
 Metaspace       used 21207K, committed 21504K, reserved 1114112K
  class space    used 2480K, committed 2624K, reserved 1048576K
}
Event: 6.992 GC heap before
{Heap before GC invocations=6 (full 0):
 garbage-first heap   total 71680K, used 54815K [0x0000000080000000, 0x0000000100000000)
  region size 1024K, 42 young (43008K), 8 survivors (8192K)
 Metaspace       used 27313K, committed 27712K, reserved 1114112K
  class space    used 3417K, committed 3584K, reserved 1048576K
}
Event: 7.003 GC heap after
{Heap after GC invocations=7 (full 0):
 garbage-first heap   total 71680K, used 23483K [0x0000000080000000, 0x0000000100000000)
  region size 1024K, 3 young (3072K), 3 survivors (3072K)
 Metaspace       used 27313K, committed 27712K, reserved 1114112K
  class space    used 3417K, committed 3584K, reserved 1048576K
}
Event: 8.566 GC heap before
{Heap before GC invocations=7 (full 0):
 garbage-first heap   total 71680K, used 60347K [0x0000000080000000, 0x0000000100000000)
  region size 1024K, 38 young (38912K), 3 survivors (3072K)
 Metaspace       used 32816K, committed 33472K, reserved 1114112K
  class space    used 4243K, committed 4544K, reserved 1048576K
}
Event: 8.572 GC heap after
{Heap after GC invocations=8 (full 0):
 garbage-first heap   total 71680K, used 25572K [0x0000000080000000, 0x0000000100000000)
  region size 1024K, 4 young (4096K), 4 survivors (4096K)
 Metaspace       used 32816K, committed 33472K, reserved 1114112K
  class space    used 4243K, committed 4544K, reserved 1048576K
}
Event: 9.054 GC heap before
{Heap before GC invocations=8 (full 0):
 garbage-first heap   total 71680K, used 42980K [0x0000000080000000, 0x0000000100000000)
  region size 1024K, 22 young (22528K), 4 survivors (4096K)
 Metaspace       used 35301K, committed 35968K, reserved 1114112K
  class space    used 4632K, committed 4928K, reserved 1048576K
}
Event: 9.059 GC heap after
{Heap after GC invocations=9 (full 0):
 garbage-first heap   total 71680K, used 27025K [0x0000000080000000, 0x0000000100000000)
  region size 1024K, 4 young (4096K), 4 survivors (4096K)
 Metaspace       used 35301K, committed 35968K, reserved 1114112K
  class space    used 4632K, committed 4928K, reserved 1048576K
}
Event: 9.942 GC heap before
{Heap before GC invocations=10 (full 0):
 garbage-first heap   total 71680K, used 61841K [0x0000000080000000, 0x0000000100000000)
  region size 1024K, 38 young (38912K), 4 survivors (4096K)
 Metaspace       used 39934K, committed 40960K, reserved 1114112K
  class space    used 5454K, committed 5952K, reserved 1048576K
}
Event: 9.948 GC heap after
{Heap after GC invocations=11 (full 0):
 garbage-first heap   total 86016K, used 28604K [0x0000000080000000, 0x0000000100000000)
  region size 1024K, 4 young (4096K), 4 survivors (4096K)
 Metaspace       used 39934K, committed 40960K, reserved 1114112K
  class space    used 5454K, committed 5952K, reserved 1048576K
}
Event: 10.971 GC heap before
{Heap before GC invocations=11 (full 0):
 garbage-first heap   total 86016K, used 73660K [0x0000000080000000, 0x0000000100000000)
  region size 1024K, 49 young (50176K), 4 survivors (4096K)
 Metaspace       used 46697K, committed 48000K, reserved 1114112K
  class space    used 6472K, committed 7104K, reserved 1048576K
}
Event: 10.978 GC heap after
{Heap after GC invocations=12 (full 0):
 garbage-first heap   total 86016K, used 31053K [0x0000000080000000, 0x0000000100000000)
  region size 1024K, 6 young (6144K), 6 survivors (6144K)
 Metaspace       used 46697K, committed 48000K, reserved 1114112K
  class space    used 6472K, committed 7104K, reserved 1048576K
}
Event: 12.667 GC heap before
{Heap before GC invocations=12 (full 0):
 garbage-first heap   total 86016K, used 76109K [0x0000000080000000, 0x0000000100000000)
  region size 1024K, 50 young (51200K), 6 survivors (6144K)
 Metaspace       used 52843K, committed 54336K, reserved 1114112K
  class space    used 7392K, committed 8064K, reserved 1048576K
}
Event: 12.680 GC heap after
{Heap after GC invocations=13 (full 0):
 garbage-first heap   total 87040K, used 35537K [0x0000000080000000, 0x0000000100000000)
  region size 1024K, 7 young (7168K), 7 survivors (7168K)
 Metaspace       used 52843K, committed 54336K, reserved 1114112K
  class space    used 7392K, committed 8064K, reserved 1048576K
}
Event: 14.153 GC heap before
{Heap before GC invocations=13 (full 0):
 garbage-first heap   total 87040K, used 78545K [0x0000000080000000, 0x0000000100000000)
  region size 1024K, 47 young (48128K), 7 survivors (7168K)
 Metaspace       used 55667K, committed 57280K, reserved 1114112K
  class space    used 7852K, committed 8640K, reserved 1048576K
}

Dll operation events (3 events):
Event: 0.024 Loaded shared library C:\Program Files\Android\Android Studio\jbr\bin\java.dll
Event: 0.037 Loaded shared library C:\Program Files\Android\Android Studio\jbr\bin\zip.dll
Event: 2.189 Loaded shared library C:\Program Files\Android\Android Studio\jbr\bin\verify.dll

Deoptimization events (20 events):
Event: 13.885 Thread 0x00000157af2c4a60 Uncommon trap: trap_request=0xffffff45 fr.pc=0x000001579dcb29bc relative=0x000000000000067c
Event: 13.885 Thread 0x00000157af2c4a60 Uncommon trap: reason=unstable_if action=reinterpret pc=0x000001579dcb29bc method=jdk.internal.org.objectweb.asm.Type.getArgumentsAndReturnSizes(Ljava/lang/String;)I @ 123 c2
Event: 13.885 Thread 0x00000157af2c4a60 DEOPT PACKING pc=0x000001579dcb29bc sp=0x00000032302f80f0
Event: 13.885 Thread 0x00000157af2c4a60 DEOPT UNPACKING pc=0x000001579d5343a2 sp=0x00000032302f8078 mode 2
Event: 13.886 Thread 0x00000157af2c4a60 Uncommon trap: trap_request=0xffffff45 fr.pc=0x000001579dd5d858 relative=0x0000000000000538
Event: 13.886 Thread 0x00000157af2c4a60 Uncommon trap: reason=unstable_if action=reinterpret pc=0x000001579dd5d858 method=jdk.internal.org.objectweb.asm.MethodWriter.visitVarInsn(II)V @ 242 c2
Event: 13.886 Thread 0x00000157af2c4a60 DEOPT PACKING pc=0x000001579dd5d858 sp=0x00000032302f87b0
Event: 13.886 Thread 0x00000157af2c4a60 DEOPT UNPACKING pc=0x000001579d5343a2 sp=0x00000032302f8758 mode 2
Event: 13.886 Thread 0x00000157af2c4a60 Uncommon trap: trap_request=0xffffff45 fr.pc=0x000001579dd24f9c relative=0x000000000000049c
Event: 13.886 Thread 0x00000157af2c4a60 Uncommon trap: reason=unstable_if action=reinterpret pc=0x000001579dd24f9c method=java.lang.invoke.InvokerBytecodeGenerator.loadInsnOpcode(Ljava/lang/invoke/LambdaForm$BasicType;)I @ 8 c2
Event: 13.886 Thread 0x00000157af2c4a60 DEOPT PACKING pc=0x000001579dd24f9c sp=0x00000032302f8610
Event: 13.886 Thread 0x00000157af2c4a60 DEOPT UNPACKING pc=0x000001579d5343a2 sp=0x00000032302f8570 mode 2
Event: 13.902 Thread 0x00000157af2c4a60 Uncommon trap: trap_request=0xffffff45 fr.pc=0x000001579dd5ac88 relative=0x0000000000000348
Event: 13.902 Thread 0x00000157af2c4a60 Uncommon trap: reason=unstable_if action=reinterpret pc=0x000001579dd5ac88 method=sun.invoke.util.VerifyType.isNullConversion(Ljava/lang/Class;Ljava/lang/Class;Z)Z @ 15 c2
Event: 13.902 Thread 0x00000157af2c4a60 DEOPT PACKING pc=0x000001579dd5ac88 sp=0x00000032302f9620
Event: 13.902 Thread 0x00000157af2c4a60 DEOPT UNPACKING pc=0x000001579d5343a2 sp=0x00000032302f95c8 mode 2
Event: 13.913 Thread 0x00000157af2c4a60 Uncommon trap: trap_request=0xffffff76 fr.pc=0x000001579dd5fe5c relative=0x000000000000021c
Event: 13.913 Thread 0x00000157af2c4a60 Uncommon trap: reason=predicate action=maybe_recompile pc=0x000001579dd5fe5c method=sun.instrument.TransformerManager.transform(Ljava/lang/Module;Ljava/lang/ClassLoader;Ljava/lang/String;Ljava/lang/Class;Ljava/security/ProtectionDomain;[B)[B @ 21 c2
Event: 13.913 Thread 0x00000157af2c4a60 DEOPT PACKING pc=0x000001579dd5fe5c sp=0x00000032302f7340
Event: 13.913 Thread 0x00000157af2c4a60 DEOPT UNPACKING pc=0x000001579d5343a2 sp=0x00000032302f72e8 mode 2

Classes loaded (20 events):
Event: 13.359 Loading class java/nio/channels/Channels
Event: 13.359 Loading class java/nio/channels/Channels done
Event: 13.359 Loading class sun/nio/ch/Streams
Event: 13.360 Loading class sun/nio/ch/Streams done
Event: 13.360 Loading class sun/nio/ch/ChannelInputStream
Event: 13.361 Loading class sun/nio/ch/ChannelInputStream done
Event: 13.725 Loading class java/util/stream/SortedOps
Event: 13.725 Loading class java/util/stream/SortedOps done
Event: 13.725 Loading class java/util/stream/SortedOps$OfRef
Event: 13.725 Loading class java/util/stream/SortedOps$OfRef done
Event: 13.729 Loading class java/util/stream/SortedOps$SizedRefSortingSink
Event: 13.729 Loading class java/util/stream/SortedOps$AbstractRefSortingSink
Event: 13.729 Loading class java/util/stream/SortedOps$AbstractRefSortingSink done
Event: 13.729 Loading class java/util/stream/SortedOps$SizedRefSortingSink done
Event: 13.877 Loading class java/lang/ThreadDeath
Event: 13.877 Loading class java/lang/ThreadDeath done
Event: 13.878 Loading class sun/misc/SharedSecrets
Event: 13.878 Loading class sun/misc/SharedSecrets done
Event: 14.090 Loading class java/util/AbstractList$ListItr
Event: 14.090 Loading class java/util/AbstractList$ListItr done

Classes unloaded (0 events):
No events

Classes redefined (0 events):
No events

Internal exceptions (20 events):
Event: 13.879 Thread 0x00000157af2c4a60 Exception <a 'java/lang/ClassNotFoundException'{0x00000000830411c8}: com/intellij/gradle/toolingExtension/impl/initScript/util/GradleLifecycleUtilCustomizer> (0x00000000830411c8) 
thrown [s\src\hotspot\share\classfile\systemDictionary.cpp, line 312]
Event: 13.882 Thread 0x00000157af2c4a60 Exception <a 'java/lang/NoSuchMethodError'{0x0000000083055380}: 'long java.lang.invoke.DirectMethodHandle$Holder.invokeVirtual(java.lang.Object, java.lang.Object)'> (0x0000000083055380) 
thrown [s\src\hotspot\share\interpreter\linkResolver.cpp, line 784]
Event: 13.883 Thread 0x00000157af2c4a60 Exception <a 'java/lang/NoSuchMethodError'{0x00000000830597e0}: 'float java.lang.invoke.DirectMethodHandle$Holder.invokeVirtual(java.lang.Object, java.lang.Object)'> (0x00000000830597e0) 
thrown [s\src\hotspot\share\interpreter\linkResolver.cpp, line 784]
Event: 13.883 Thread 0x00000157af2c4a60 Exception <a 'java/lang/NoSuchMethodError'{0x000000008305df58}: 'double java.lang.invoke.DirectMethodHandle$Holder.invokeVirtual(java.lang.Object, java.lang.Object)'> (0x000000008305df58) 
thrown [s\src\hotspot\share\interpreter\linkResolver.cpp, line 784]
Event: 13.884 Thread 0x00000157af2c4a60 Exception <a 'java/lang/NoSuchMethodError'{0x0000000083062c20}: 'java.lang.Object java.lang.invoke.DirectMethodHandle$Holder.newInvokeSpecial(java.lang.Object, double)'> (0x0000000083062c20) 
thrown [s\src\hotspot\share\interpreter\linkResolver.cpp, line 784]
Event: 13.886 Thread 0x00000157af2c4a60 Exception <a 'java/lang/NoSuchMethodError'{0x000000008306a470}: 'double java.lang.invoke.DelegatingMethodHandle$Holder.reinvoke_L(java.lang.Object, java.lang.Object)'> (0x000000008306a470) 
thrown [s\src\hotspot\share\interpreter\linkResolver.cpp, line 784]
Event: 13.904 Thread 0x00000157af2c4a60 Exception <a 'java/lang/NoSuchMethodError'{0x00000000830e2730}: 'int java.lang.invoke.DirectMethodHandle$Holder.invokeSpecial(java.lang.Object, java.lang.Object, java.lang.Object, java.lang.Object, java.lang.Object)'> (0x00000000830e2730) 
thrown [s\src\hotspot\share\interpreter\linkResolver.cpp, line 784]
Event: 13.941 Thread 0x00000157af2c4a60 Exception <a 'sun/nio/fs/WindowsException'{0x0000000082f9a198}> (0x0000000082f9a198) 
thrown [s\src\hotspot\share\prims\jni.cpp, line 537]
Event: 13.980 Thread 0x00000157af2c4a60 Exception <a 'sun/nio/fs/WindowsException'{0x0000000082ff5f50}> (0x0000000082ff5f50) 
thrown [s\src\hotspot\share\prims\jni.cpp, line 537]
Event: 13.981 Thread 0x00000157af2c4a60 Exception <a 'java/lang/ClassNotFoundException'{0x0000000082ffdaf0}: ijKotlinCoroutineJvmDebugInit1_7pgqp9cr2je8iggowp4v61o3aBeanInfo> (0x0000000082ffdaf0) 
thrown [s\src\hotspot\share\classfile\systemDictionary.cpp, line 312]
Event: 13.982 Thread 0x00000157af2c4a60 Exception <a 'sun/nio/fs/WindowsException'{0x0000000082fff520}> (0x0000000082fff520) 
thrown [s\src\hotspot\share\prims\jni.cpp, line 537]
Event: 13.983 Thread 0x00000157af2c4a60 Exception <a 'java/lang/ClassNotFoundException'{0x0000000082e2feb0}: ijKotlinCoroutineJvmDebugInit1_7pgqp9cr2je8iggowp4v61o3aCustomizer> (0x0000000082e2feb0) 
thrown [s\src\hotspot\share\classfile\systemDictionary.cpp, line 312]
Event: 14.002 Thread 0x00000157af2c4a60 Exception <a 'sun/nio/fs/WindowsException'{0x0000000082e71e98}> (0x0000000082e71e98) 
thrown [s\src\hotspot\share\prims\jni.cpp, line 537]
Event: 14.003 Thread 0x00000157af2c4a60 Exception <a 'java/lang/ClassNotFoundException'{0x0000000082e78430}: ijKotlinCoroutineJvmDebugInit1_7pgqp9cr2je8iggowp4v61o3a$_run_closure1BeanInfo> (0x0000000082e78430) 
thrown [s\src\hotspot\share\classfile\systemDictionary.cpp, line 312]
Event: 14.003 Thread 0x00000157af2c4a60 Exception <a 'sun/nio/fs/WindowsException'{0x0000000082e7a1c0}> (0x0000000082e7a1c0) 
thrown [s\src\hotspot\share\prims\jni.cpp, line 537]
Event: 14.004 Thread 0x00000157af2c4a60 Exception <a 'java/lang/ClassNotFoundException'{0x0000000082e80768}: ijKotlinCoroutineJvmDebugInit1_7pgqp9cr2je8iggowp4v61o3a$_run_closure1Customizer> (0x0000000082e80768) 
thrown [s\src\hotspot\share\classfile\systemDictionary.cpp, line 312]
Event: 14.096 Thread 0x00000157af2c4a60 Exception <a 'sun/nio/fs/WindowsException'{0x0000000082c29000}> (0x0000000082c29000) 
thrown [s\src\hotspot\share\prims\jni.cpp, line 537]
Event: 14.152 Thread 0x00000157af2c4a60 Exception <a 'sun/nio/fs/WindowsException'{0x0000000082c891e0}> (0x0000000082c891e0) 
thrown [s\src\hotspot\share\prims\jni.cpp, line 537]
Event: 14.152 Thread 0x00000157af2c4a60 Exception <a 'java/lang/ClassNotFoundException'{0x0000000082c90d20}: ijKotlinCoroutineJvmDebugInit1_7pgqp9cr2je8iggowp4v61o3aBeanInfo> (0x0000000082c90d20) 
thrown [s\src\hotspot\share\classfile\systemDictionary.cpp, line 312]
Event: 14.153 Thread 0x00000157af2c4a60 Exception <a 'sun/nio/fs/WindowsException'{0x0000000082c92740}> (0x0000000082c92740) 
thrown [s\src\hotspot\share\prims\jni.cpp, line 537]

ZGC Phase Switch (0 events):
No events

VM Operations (20 events):
Event: 11.446 Executing VM operation: HandshakeAllThreads (Deoptimize) done
Event: 11.452 Executing VM operation: HandshakeAllThreads (Deoptimize)
Event: 11.453 Executing VM operation: HandshakeAllThreads (Deoptimize) done
Event: 11.454 Executing VM operation: HandshakeAllThreads (Deoptimize)
Event: 11.454 Executing VM operation: HandshakeAllThreads (Deoptimize) done
Event: 11.731 Executing VM operation: ICBufferFull
Event: 11.731 Executing VM operation: ICBufferFull done
Event: 12.051 Executing VM operation: HandshakeAllThreads (Deoptimize)
Event: 12.051 Executing VM operation: HandshakeAllThreads (Deoptimize) done
Event: 12.206 Executing VM operation: HandshakeAllThreads (Deoptimize)
Event: 12.206 Executing VM operation: HandshakeAllThreads (Deoptimize) done
Event: 12.667 Executing VM operation: G1CollectForAllocation (G1 Evacuation Pause)
Event: 12.680 Executing VM operation: G1CollectForAllocation (G1 Evacuation Pause) done
Event: 12.933 Executing VM operation: HandshakeAllThreads (Deoptimize)
Event: 12.933 Executing VM operation: HandshakeAllThreads (Deoptimize) done
Event: 13.628 Executing VM operation: ICBufferFull
Event: 13.629 Executing VM operation: ICBufferFull done
Event: 14.035 Executing VM operation: ICBufferFull
Event: 14.035 Executing VM operation: ICBufferFull done
Event: 14.153 Executing VM operation: G1CollectForAllocation (G1 Evacuation Pause)

Memory protections (0 events):
No events

Nmethod flushes (20 events):
Event: 9.085 Thread 0x00000157aa569190 flushing  nmethod 0x000001579619ff90
Event: 9.085 Thread 0x00000157aa569190 flushing  nmethod 0x00000157961a0590
Event: 9.085 Thread 0x00000157aa569190 flushing  nmethod 0x00000157961a0c90
Event: 9.085 Thread 0x00000157aa569190 flushing  nmethod 0x00000157961a1690
Event: 9.085 Thread 0x00000157aa569190 flushing  nmethod 0x0000015796239910
Event: 9.085 Thread 0x00000157aa569190 flushing  nmethod 0x000001579623aa90
Event: 9.085 Thread 0x00000157aa569190 flushing  nmethod 0x0000015796243890
Event: 9.085 Thread 0x00000157aa569190 flushing  nmethod 0x00000157962fe710
Event: 9.085 Thread 0x00000157aa569190 flushing  nmethod 0x00000157962fef10
Event: 9.085 Thread 0x00000157aa569190 flushing  nmethod 0x000001579636ee10
Event: 9.085 Thread 0x00000157aa569190 flushing  nmethod 0x0000015796373010
Event: 9.085 Thread 0x00000157aa569190 flushing  nmethod 0x0000015796373710
Event: 9.085 Thread 0x00000157aa569190 flushing  nmethod 0x0000015796375490
Event: 9.085 Thread 0x00000157aa569190 flushing  nmethod 0x00000157963f2f90
Event: 9.085 Thread 0x00000157aa569190 flushing  nmethod 0x00000157963f3810
Event: 9.085 Thread 0x00000157aa569190 flushing  nmethod 0x00000157963f3d10
Event: 9.085 Thread 0x00000157aa569190 flushing  nmethod 0x00000157963f6a90
Event: 9.085 Thread 0x00000157aa569190 flushing  nmethod 0x0000015796499990
Event: 9.085 Thread 0x00000157aa569190 flushing  nmethod 0x0000015796499f10
Event: 9.085 Thread 0x00000157aa569190 flushing  nmethod 0x000001579649a890

Events (20 events):
Event: 13.343 Thread 0x00000157af2c4a60 Thread added: 0x00000157b14f3d10
Event: 13.448 Thread 0x00000157af2c4a60 Thread added: 0x00000157b14f7820
Event: 13.449 Thread 0x00000157af2c4a60 Thread added: 0x00000157b14f43a0
Event: 13.451 Thread 0x00000157af2c4a60 Thread added: 0x00000157b14f7eb0
Event: 13.452 Thread 0x00000157af2c4a60 Thread added: 0x00000157b14f9f80
Event: 13.454 Thread 0x00000157af2c4a60 Thread added: 0x00000157b14f8540
Event: 13.455 Thread 0x00000157af2c4a60 Thread added: 0x00000157b14f8bd0
Event: 13.456 Thread 0x00000157af2c4a60 Thread added: 0x00000157b14f9260
Event: 13.796 Thread 0x00000157af2c4a60 Thread added: 0x00000157b14f98f0
Event: 13.845 Thread 0x00000157b3211940 Thread exited: 0x00000157b3211940
Event: 13.963 Thread 0x00000157af2c4a60 Thread added: 0x00000157b14fa610
Event: 14.059 Thread 0x00000157af2c4a60 Thread added: 0x00000157b2055b40
Event: 14.060 Thread 0x00000157af2c4a60 Thread added: 0x00000157b2054100
Event: 14.061 Thread 0x00000157af2c4a60 Thread added: 0x00000157b2057580
Event: 14.063 Thread 0x00000157af2c4a60 Thread added: 0x00000157b2057c10
Event: 14.066 Thread 0x00000157af2c4a60 Thread added: 0x00000157b2054e20
Event: 14.066 Thread 0x00000157af2c4a60 Thread added: 0x00000157b2054790
Event: 14.067 Thread 0x00000157af2c4a60 Thread added: 0x00000157b2056860
Event: 14.132 Thread 0x00000157af2c4a60 Thread added: 0x00000157b2058930
Event: 14.133 Thread 0x00000157b3211270 Thread exited: 0x00000157b3211270


Dynamic libraries:
0x00007ff7df510000 - 0x00007ff7df51a000 	C:\Program Files\Android\Android Studio\jbr\bin\java.exe
0x00007ff8dc160000 - 0x00007ff8dc3c6000 	C:\WINDOWS\SYSTEM32\ntdll.dll
0x00007ff8da7e0000 - 0x00007ff8da8a9000 	C:\WINDOWS\System32\KERNEL32.DLL
0x00007ff8d9a20000 - 0x00007ff8d9e1a000 	C:\WINDOWS\System32\KERNELBASE.dll
0x00007ff8d9420000 - 0x00007ff8d956c000 	C:\WINDOWS\System32\ucrtbase.dll
0x00007ff8bb170000 - 0x00007ff8bb188000 	C:\Program Files\Android\Android Studio\jbr\bin\jli.dll
0x00007ff8acf20000 - 0x00007ff8acf3b000 	C:\Program Files\Android\Android Studio\jbr\bin\VCRUNTIME140.dll
0x00007ff8da120000 - 0x00007ff8da2e7000 	C:\WINDOWS\System32\USER32.dll
0x00007ff8c8530000 - 0x00007ff8c87c2000 	C:\WINDOWS\WinSxS\amd64_microsoft.windows.common-controls_6595b64144ccf1df_6.0.26100.8521_none_3e08b75ce33403b3\COMCTL32.dll
0x00007ff8d93f0000 - 0x00007ff8d9417000 	C:\WINDOWS\System32\win32u.dll
0x00007ff8db8e0000 - 0x00007ff8db989000 	C:\WINDOWS\System32\msvcrt.dll
0x00007ff8dae70000 - 0x00007ff8dae9b000 	C:\WINDOWS\System32\GDI32.dll
0x00007ff8d9600000 - 0x00007ff8d972b000 	C:\WINDOWS\System32\gdi32full.dll
0x00007ff8d98b0000 - 0x00007ff8d9953000 	C:\WINDOWS\System32\msvcp_win.dll
0x00007ff8dba50000 - 0x00007ff8dba82000 	C:\WINDOWS\System32\IMM32.DLL
0x00007ff8c10d0000 - 0x00007ff8c10dc000 	C:\Program Files\Android\Android Studio\jbr\bin\vcruntime140_1.dll
0x00007ff8470a0000 - 0x00007ff84712d000 	C:\Program Files\Android\Android Studio\jbr\bin\msvcp140.dll
0x00007ff83ab30000 - 0x00007ff83b7c6000 	C:\Program Files\Android\Android Studio\jbr\bin\server\jvm.dll
0x00007ff8dadb0000 - 0x00007ff8dae66000 	C:\WINDOWS\System32\ADVAPI32.dll
0x00007ff8da070000 - 0x00007ff8da11a000 	C:\WINDOWS\System32\sechost.dll
0x00007ff8daeb0000 - 0x00007ff8dafc8000 	C:\WINDOWS\System32\RPCRT4.dll
0x00007ff8dafd0000 - 0x00007ff8db050000 	C:\WINDOWS\System32\WS2_32.dll
0x00007ff8d9270000 - 0x00007ff8d92ce000 	C:\WINDOWS\SYSTEM32\POWRPROF.dll
0x00007ff8d3290000 - 0x00007ff8d32c6000 	C:\WINDOWS\SYSTEM32\WINMM.dll
0x00007ff8d32d0000 - 0x00007ff8d32db000 	C:\WINDOWS\SYSTEM32\VERSION.dll
0x00007ff8d9250000 - 0x00007ff8d9264000 	C:\WINDOWS\SYSTEM32\UMPDC.dll
0x00007ff8d8160000 - 0x00007ff8d817b000 	C:\WINDOWS\SYSTEM32\kernel.appcore.dll
0x00007ff8b9e80000 - 0x00007ff8b9e8a000 	C:\Program Files\Android\Android Studio\jbr\bin\jimage.dll
0x00007ff8ce330000 - 0x00007ff8ce572000 	C:\WINDOWS\SYSTEM32\DBGHELP.DLL
0x00007ff8da450000 - 0x00007ff8da7d3000 	C:\WINDOWS\System32\combase.dll
0x00007ff8db800000 - 0x00007ff8db8d9000 	C:\WINDOWS\System32\OLEAUT32.dll
0x00007ff8d1010000 - 0x00007ff8d104b000 	C:\WINDOWS\SYSTEM32\dbgcore.DLL
0x00007ff8d9e20000 - 0x00007ff8d9ec8000 	C:\WINDOWS\System32\bcryptPrimitives.dll
0x00007ff8c10f0000 - 0x00007ff8c10fe000 	C:\Program Files\Android\Android Studio\jbr\bin\instrument.dll
0x00007ff8acf00000 - 0x00007ff8acf20000 	C:\Program Files\Android\Android Studio\jbr\bin\java.dll
0x00007ff8a81c0000 - 0x00007ff8a81d8000 	C:\Program Files\Android\Android Studio\jbr\bin\zip.dll
0x00007ff8db060000 - 0x00007ff8db7e4000 	C:\WINDOWS\System32\SHELL32.dll
0x00007ff8d6f90000 - 0x00007ff8d7810000 	C:\WINDOWS\SYSTEM32\windows.storage.dll
0x00007ff8dbd80000 - 0x00007ff8dbe76000 	C:\WINDOWS\System32\SHCORE.dll
0x00007ff8d9ff0000 - 0x00007ff8da057000 	C:\WINDOWS\System32\shlwapi.dll
0x00007ff8d9310000 - 0x00007ff8d9339000 	C:\WINDOWS\SYSTEM32\profapi.dll
0x00007ff8b8630000 - 0x00007ff8b8640000 	C:\Program Files\Android\Android Studio\jbr\bin\net.dll
0x00007ff8cfd30000 - 0x00007ff8cfe59000 	C:\WINDOWS\SYSTEM32\WINHTTP.dll
0x00007ff8d86f0000 - 0x00007ff8d875c000 	C:\WINDOWS\system32\mswsock.dll
0x00007ff8a3060000 - 0x00007ff8a3076000 	C:\Program Files\Android\Android Studio\jbr\bin\nio.dll
0x00007ff8b77d0000 - 0x00007ff8b77e0000 	C:\Program Files\Android\Android Studio\jbr\bin\verify.dll
0x00007ff87c7e0000 - 0x00007ff87c807000 	C:\Users\feisa\.gradle\native\660c5614fbf4a5f2a75b1949f50a0caf5cd603558e7d8a26e50b933a0cfb79d1\windows-amd64\native-platform.dll
0x00007ff847020000 - 0x00007ff847097000 	C:\Users\feisa\.gradle\native\0.2.8\x86_64-windows-gnu\gradle-fileevents.dll
0x00007ff8b13b0000 - 0x00007ff8b13b9000 	C:\Program Files\Android\Android Studio\jbr\bin\management.dll
0x00007ff8acf90000 - 0x00007ff8acf9b000 	C:\Program Files\Android\Android Studio\jbr\bin\management_ext.dll
0x00007ff8daea0000 - 0x00007ff8daea8000 	C:\WINDOWS\System32\PSAPI.DLL
0x00007ff8d7b30000 - 0x00007ff8d7b63000 	C:\WINDOWS\SYSTEM32\IPHLPAPI.DLL
0x00007ff8da060000 - 0x00007ff8da06a000 	C:\WINDOWS\System32\NSI.dll
0x00007ff8b7780000 - 0x00007ff8b7789000 	C:\Program Files\Android\Android Studio\jbr\bin\extnet.dll
0x00007ff8d89d0000 - 0x00007ff8d89eb000 	C:\WINDOWS\SYSTEM32\CRYPTSP.dll
0x00007ff8d80c0000 - 0x00007ff8d80f9000 	C:\WINDOWS\system32\rsaenh.dll
0x00007ff8d87a0000 - 0x00007ff8d87d3000 	C:\WINDOWS\SYSTEM32\USERENV.dll
0x00007ff8d92e0000 - 0x00007ff8d930a000 	C:\WINDOWS\SYSTEM32\bcrypt.dll
0x00007ff8d89f0000 - 0x00007ff8d89fc000 	C:\WINDOWS\SYSTEM32\CRYPTBASE.dll
0x00007ff8bd190000 - 0x00007ff8bd198000 	C:\WINDOWS\system32\wshunix.dll

JVMTI agents:
C:\Users\feisa\.gradle\wrapper\dists\gradle-9.2.1-bin\2t0n5ozlw9xmuyvbp7dnzaxug\gradle-9.2.1\lib\agents\gradle-instrumentation-agent-9.2.1.jar path:C:\Program Files\Android\Android Studio\jbr\bin\instrument.dll, loaded, initialized, instrumentlib options:none

dbghelp: loaded successfully - version: 4.0.5 - missing functions: none
symbol engine: initialized successfully - sym options: 0x614 - pdb path: .;C:\Program Files\Android\Android Studio\jbr\bin;C:\WINDOWS\SYSTEM32;C:\WINDOWS\WinSxS\amd64_microsoft.windows.common-controls_6595b64144ccf1df_6.0.26100.8521_none_3e08b75ce33403b3;C:\Program Files\Android\Android Studio\jbr\bin\server;C:\Users\feisa\.gradle\native\660c5614fbf4a5f2a75b1949f50a0caf5cd603558e7d8a26e50b933a0cfb79d1\windows-amd64;C:\Users\feisa\.gradle\native\0.2.8\x86_64-windows-gnu

VM Arguments:
jvm_args: --add-opens=java.base/java.lang=ALL-UNNAMED --add-opens=java.base/java.lang.invoke=ALL-UNNAMED --add-opens=java.base/java.util=ALL-UNNAMED --add-opens=java.prefs/java.util.prefs=ALL-UNNAMED --add-exports=jdk.compiler/com.sun.tools.javac.api=ALL-UNNAMED --add-exports=jdk.compiler/com.sun.tools.javac.util=ALL-UNNAMED --add-opens=java.base/java.util=ALL-UNNAMED --add-opens=java.prefs/java.util.prefs=ALL-UNNAMED --add-opens=java.base/java.nio.charset=ALL-UNNAMED --add-opens=java.base/java.net=ALL-UNNAMED --add-opens=java.base/java.util.concurrent=ALL-UNNAMED --add-opens=java.base/java.util.concurrent.atomic=ALL-UNNAMED --add-opens=java.xml/javax.xml.namespace=ALL-UNNAMED --add-opens=java.base/java.time=ALL-UNNAMED -Xmx2048m -Dfile.encoding=UTF-8 -Duser.country=ID -Duser.language=en -Duser.variant -javaagent:C:\Users\feisa\.gradle\wrapper\dists\gradle-9.2.1-bin\2t0n5ozlw9xmuyvbp7dnzaxug\gradle-9.2.1\lib\agents\gradle-instrumentation-agent-9.2.1.jar 
java_command: org.gradle.launcher.daemon.bootstrap.GradleDaemon 9.2.1
java_class_path (initial): C:\Users\feisa\.gradle\wrapper\dists\gradle-9.2.1-bin\2t0n5ozlw9xmuyvbp7dnzaxug\gradle-9.2.1\lib\gradle-daemon-main-9.2.1.jar
Launcher Type: SUN_STANDARD

[Global flags]
     intx CICompilerCount                          = 4                                         {product} {ergonomic}
     uint ConcGCThreads                            = 2                                         {product} {ergonomic}
     uint G1ConcRefinementThreads                  = 8                                         {product} {ergonomic}
   size_t G1HeapRegionSize                         = 1048576                                   {product} {ergonomic}
    uintx GCDrainStackTargetSize                   = 64                                        {product} {ergonomic}
   size_t InitialHeapSize                          = 100663296                                 {product} {ergonomic}
   size_t MarkStackSize                            = 4194304                                   {product} {ergonomic}
   size_t MaxHeapSize                              = 2147483648                                {product} {command line}
   size_t MaxNewSize                               = 1287651328                                {product} {ergonomic}
   size_t MinHeapDeltaBytes                        = 1048576                                   {product} {ergonomic}
   size_t MinHeapSize                              = 8388608                                   {product} {ergonomic}
    uintx NonNMethodCodeHeapSize                   = 5839372                                {pd product} {ergonomic}
    uintx NonProfiledCodeHeapSize                  = 122909434                              {pd product} {ergonomic}
    uintx ProfiledCodeHeapSize                     = 122909434                              {pd product} {ergonomic}
    uintx ReservedCodeCacheSize                    = 251658240                              {pd product} {ergonomic}
     bool SegmentedCodeCache                       = true                                      {product} {ergonomic}
   size_t SoftMaxHeapSize                          = 2147483648                             {manageable} {ergonomic}
     bool UseCompressedOops                        = true                           {product lp64_product} {ergonomic}
     bool UseG1GC                                  = true                                      {product} {ergonomic}
     bool UseLargePagesIndividualAllocation        = false                                  {pd product} {ergonomic}

Logging:
Log output configuration:
 #0: stdout all=warning uptime,level,tags foldmultilines=false
 #1: stderr all=off uptime,level,tags foldmultilines=false

Release file:
JAVA_VERSION="21.0.9" 
MODULES="java.base java.compiler java.datatransfer java.xml java.prefs java.desktop java.instrument java.logging java.management java.security.sasl java.naming java.rmi java.management.rmi java.net.http java.scripting java.security.jgss java.transaction.xa java.sql java.sql.rowset java.xml.crypto java.se java.smartcardio jdk.accessibility jdk.internal.jvmstat jdk.attach jdk.charsets jdk.internal.opt jdk.zipfs jdk.compiler jdk.crypto.ec jdk.crypto.cryptoki jdk.dynalink jdk.hotspot.agent jdk.httpserver jdk.internal.ed jdk.internal.le jdk.internal.vm.ci jdk.jartool jdk.javadoc jdk.jcmd jdk.jdeps jdk.jdwp.agent jdk.jdi jdk.jfr jdk.jlink jdk.jsobject jdk.localedata jdk.management jdk.management.agent jdk.management.jfr jdk.naming.dns jdk.naming.rmi jdk.net jdk.sctp jdk.security.auth jdk.security.jgss jdk.unsupported jdk.unsupported.desktop jdk.xml.dom" 
IMPLEMENTOR="JetBrains s.r.o." 
JAVA_RUNTIME_VERSION="21.0.9+-14649483-b1163.86" 
LIBC="default" 
OS_ARCH="x86_64" 
OS_NAME="Windows" 
SOURCE=".:git:554d0c326095" 

Environment Variables:
PATH=C:\Program Files\Common Files\Oracle\Java\javapath;C:\WINDOWS\system32;C:\WINDOWS;C:\WINDOWS\System32\Wbem;C:\WINDOWS\System32\WindowsPowerShell\v1.0\;C:\WINDOWS\System32\OpenSSH\;C:\Users\feisa\AppData\Local\Microsoft\WindowsApps;C:\Users\feisa\AppData\Local\Programs\Microsoft VS Code\bin;C:\adb;C:\WINDOWS\system32;C:\WINDOWS;C:\WINDOWS\System32\Wbem;C:\WINDOWS\System32\WindowsPowerShell\v1.0\;C:\WINDOWS\System32\OpenSSH\;C:\Program Files\Git\cmd;C:\Program Files\nodejs\;C:\Program Files\Cloudflare\Cloudflare WARP\;C:\Program Files\Common Files\Oracle\Java\javapath;C:\WINDOWS\system32;C:\WINDOWS;C:\WINDOWS\System32\Wbem;C:\WINDOWS\System32\WindowsPowerShell\v1.0\;C:\WINDOWS\System32\OpenSSH\;C:\Users\feisa\AppData\Local\Microsoft\WindowsApps;C:\Users\feisa\AppData\Local\Programs\Microsoft VS Code\bin;C:\adb;C:\WINDOWS\system32;C:\WINDOWS;C:\WINDOWS\System32\Wbem;C:\WINDOWS\System32\WindowsPowerShell\v1.0\;C:\WINDOWS\System32\OpenSSH\;C:\Program Files\Git\cmd;C:\Program Files\Common Files\Oracle\Java\javapath;C:\WINDOWS\system32;C:\WINDOWS;C:\WINDOWS\System32\Wbem;C:\WINDOWS\System32\WindowsPowerShell\v1.0\;C:\WINDOWS\System32\OpenSSH\;C:\Users\feisa\AppData\Local\Microsoft\WindowsApps;C:\Users\feisa\AppData\Local\Programs\Microsoft VS Code\bin;C:\adb;C:\WINDOWS\system32;C:\WINDOWS;C:\WINDOWS\System32\Wbem;C:\WINDOWS\System32\WindowsPowerShell\v1.0\;C:\WINDOWS\System32\OpenSSH\;C:\Program Files\Git\cmd;C:\Users\feisa\AppData\Local\Programs\Python\Python313\Scripts\;C:\Users\feisa\AppData\Local\Programs\Python\Python313\;C:\Users\feisa\AppData\Roaming\npm;C:\ffmpeg-8.1.1-essentials_build\bin;C:\Users\feisa\AppData\Local\Microsoft\WinGet\Links;
USERNAME=feisa
OS=Windows_NT
PROCESSOR_IDENTIFIER=AMD64 Family 23 Model 24 Stepping 1, AuthenticAMD
TMP=C:\Users\feisa\AppData\Local\Temp
TEMP=C:\Users\feisa\AppData\Local\Temp




Periodic native trim disabled

JNI global refs:
JNI global refs: 25, weak refs: 0

JNI global refs memory usage: 835, weak refs: 833

Process memory usage:
Resident Set Size: 299256K (4% of 6226956K total physical memory with 884992K free physical memory)

OOME stack traces (most recent first):
Classloader memory used:
Loader org.gradle.internal.classloader.VisitableURLClassLoader                         : 27662K
Loader bootstrap                                                                       : 21102K
Loader org.gradle.initialization.MixInLegacyTypesClassLoader                           : 6440K
Loader jdk.internal.loader.ClassLoaders$AppClassLoader                                 : 231K
Loader jdk.internal.loader.ClassLoaders$PlatformClassLoader                            : 129K
Loader org.gradle.groovy.scripts.internal.DefaultScriptCompilationHandler$ScriptClassLoader: 76016B
Loader org.gradle.internal.classloader.VisitableURLClassLoader$InstrumentingVisitableURLClassLoader: 16184B
Loader jdk.internal.reflect.DelegatingClassLoader                                      : 10608B

Classes loaded by more than one classloader:
Class org.gradle.internal.classloader.FilteringClassLoader                            : loaded 2 times (x 105B)
Class org.gradle.internal.classloader.ClassLoaderHierarchy                            : loaded 2 times (x 70B)
Class org.gradle.api.internal.classpath.ManifestUtil                                  : loaded 2 times (x 71B)
Class org.gradle.internal.classloader.DefaultClassLoaderFactory                       : loaded 2 times (x 82B)
Class org.gradle.internal.classloader.ClassLoaderVisitor                              : loaded 2 times (x 76B)
Class org.gradle.api.internal.classpath.EffectiveClassPath                            : loaded 2 times (x 90B)
Class org.gradle.api.internal.DefaultClassPathProvider                                : loaded 2 times (x 76B)
Class [Lorg.gradle.api.internal.ClassPathProvider;                                    : loaded 2 times (x 69B)
Class org.gradle.api.internal.ClassPathProvider                                       : loaded 2 times (x 70B)
Class org.gradle.internal.service.UnknownServiceException                             : loaded 2 times (x 83B)
Class org.gradle.internal.classpath.TransformedClassPath                              : loaded 2 times (x 96B)
Class org.gradle.internal.classloader.InstrumentingClassLoader                        : loaded 2 times (x 70B)
Class org.gradle.internal.service.ServiceLocator                                      : loaded 2 times (x 70B)
Class ijJvmDebugger1_autqtk2zuhxfay8w9egih6250$_run_closure1$_closure2                : loaded 2 times (x 140B)
Class org.gradle.internal.classloader.ClasspathUtil$1                                 : loaded 2 times (x 76B)
Class ijKotlinCoroutineJvmDebugInit1_7pgqp9cr2je8iggowp4v61o3a$_run_closure1          : loaded 2 times (x 139B)
Class org.gradle.api.internal.classpath.DefaultModuleRegistry$DefaultModule           : loaded 2 times (x 86B)
Class ijJvmDebugger1_autqtk2zuhxfay8w9egih6250$_run_closure1                          : loaded 2 times (x 139B)
Class org.gradle.api.internal.classpath.Module                                        : loaded 2 times (x 70B)
Class org.gradle.api.internal.classpath.UnknownModuleException                        : loaded 2 times (x 82B)
Class org.gradle.api.internal.DefaultClassPathRegistry                                : loaded 2 times (x 76B)
Class org.gradle.api.internal.ClassPathRegistry                                       : loaded 2 times (x 70B)
Class org.gradle.internal.classpath.DefaultClassPath$ImmutableUniqueList              : loaded 2 times (x 199B)
Class org.gradle.internal.classpath.ClassPath                                         : loaded 2 times (x 70B)
Class org.gradle.api.internal.classpath.ModuleRegistry                                : loaded 2 times (x 70B)
Class org.gradle.internal.installation.GradleInstallation$1                           : loaded 2 times (x 75B)
Class org.gradle.api.internal.classpath.DefaultModuleRegistry                         : loaded 2 times (x 86B)
Class org.gradle.internal.service.ServiceLookupException                              : loaded 2 times (x 82B)
Class org.gradle.internal.classloader.ClassLoaderFactory                              : loaded 2 times (x 70B)
Class org.gradle.internal.service.CachingServiceLocator                               : loaded 2 times (x 82B)
Class org.gradle.internal.classloader.ClasspathUtil                                   : loaded 2 times (x 71B)
Class org.gradle.api.specs.Spec                                                       : loaded 2 times (x 70B)
Class org.gradle.internal.classloader.VisitableURLClassLoader$InstrumentingVisitableURLClassLoader: loaded 2 times (x 123B)
Class org.gradle.internal.classloader.VisitableURLClassLoader$Spec                    : loaded 2 times (x 74B)
Class org.gradle.internal.classpath.DefaultClassPath                                  : loaded 2 times (x 90B)
Class org.gradle.internal.classloader.ClassLoaderSpec                                 : loaded 2 times (x 71B)
Class org.gradle.internal.classloader.VisitableURLClassLoader                         : loaded 2 times (x 117B)
Class org.gradle.internal.Cast                                                        : loaded 2 times (x 71B)
Class org.gradle.api.Action                                                           : loaded 2 times (x 70B)
Class org.gradle.internal.classpath.DefaultClassPath$ImmutableUniqueList$Builder      : loaded 2 times (x 75B)
Class org.gradle.api.GradleException                                                  : loaded 2 times (x 82B)
Class org.gradle.internal.IoActions                                                   : loaded 2 times (x 71B)
Class org.gradle.internal.classloader.SystemClassLoaderSpec                           : loaded 2 times (x 71B)
Class ijKotlinCoroutineJvmDebugInit1_7pgqp9cr2je8iggowp4v61o3a                        : loaded 2 times (x 171B)
Class ijJvmDebugger1_autqtk2zuhxfay8w9egih6250                                        : loaded 2 times (x 171B)
Class org.gradle.api.internal.classpath.GlobalCacheRootsProvider                      : loaded 2 times (x 70B)
Class org.gradle.internal.installation.CurrentGradleInstallationLocator               : loaded 2 times (x 71B)
Class org.gradle.internal.service.DefaultServiceLocator                               : loaded 2 times (x 83B)
Class org.gradle.internal.installation.CurrentGradleInstallation                      : loaded 2 times (x 73B)
Class org.gradle.util.internal.GUtil                                                  : loaded 2 times (x 71B)
Class org.gradle.internal.installation.GradleInstallation                             : loaded 2 times (x 75B)

---------------  S Y S T E M  ---------------

OS:
 Windows 11 , 64 bit Build 26100 (10.0.26100.8521)
OS uptime: 0 days 6:33 hours
Hyper-V role detected

CPU: total 8 (initial active 8) (8 cores per cpu, 2 threads per core) family 23 model 24 stepping 1 microcode 0x8108109, cx8, cmov, fxsr, ht, mmx, 3dnowpref, sse, sse2, sse3, ssse3, sse4a, sse4.1, sse4.2, popcnt, lzcnt, tsc, tscinvbit, avx, avx2, aes, clmul, bmi1, bmi2, adx, sha, fma, vzeroupper, clflush, clflushopt, hv, rdtscp, f16c
Processor Information for the first 8 processors :
  Max Mhz: 2100, Current Mhz: 2100, Mhz Limit: 2100

Memory: 4k page, system-wide physical 6081M (864M free)
TotalPageFile size 20161M (AvailPageFile size 0M)
current process WorkingSet (physical memory assigned to process): 292M, peak: 292M
current process commit charge ("private bytes"): 327M, peak: 329M

vm_info: OpenJDK 64-Bit Server VM (21.0.9+-14649483-b1163.86) for windows-amd64 JRE (21.0.9+-14649483-b1163.86), built on 2025-12-30T22:08:35Z by "builder" with MS VC++ 16.10 / 16.11 (VS2019)

END.
